/home/intel/Downloads/clion-2017.2/bin/cmake/bin/cmake -DCMAKE_BUILD_TYPE=Debug -G "CodeBlocks - Unix Makefiles" /home/intel/opencv-3.2.0
-- The CXX compiler identification is GNU 5.4.0
-- The C compiler identification is GNU 5.4.0
-- Check for working CXX compiler: /usr/bin/c++
-- Check for working CXX compiler: /usr/bin/c++ -- works
-- Detecting CXX compiler ABI info
-- Detecting CXX compiler ABI info - done
-- Detecting CXX compile features
-- Detecting CXX compile features - done
-- Check for working C compiler: /usr/bin/cc
-- Check for working C compiler: /usr/bin/cc -- works
-- Detecting C compiler ABI info
-- Detecting C compiler ABI info - done
-- Detecting C compile features
-- Detecting C compile features - done
-- Detected version of GNU GCC: 54 (504)
-- Performing Test HAVE_CXX_FSIGNED_CHAR
-- Performing Test HAVE_CXX_FSIGNED_CHAR - Success
-- Performing Test HAVE_C_FSIGNED_CHAR
-- Performing Test HAVE_C_FSIGNED_CHAR - Success
-- Performing Test HAVE_CXX_W
-- Performing Test HAVE_CXX_W - Success
-- Performing Test HAVE_C_W
-- Performing Test HAVE_C_W - Success
-- Performing Test HAVE_CXX_WALL
-- Performing Test HAVE_CXX_WALL - Success
-- Performing Test HAVE_C_WALL
-- Performing Test HAVE_C_WALL - Success
-- Performing Test HAVE_CXX_WERROR_RETURN_TYPE
-- Performing Test HAVE_CXX_WERROR_RETURN_TYPE - Success
-- Performing Test HAVE_C_WERROR_RETURN_TYPE
-- Performing Test HAVE_C_WERROR_RETURN_TYPE - Success
-- Performing Test HAVE_CXX_WERROR_NON_VIRTUAL_DTOR
-- Performing Test HAVE_CXX_WERROR_NON_VIRTUAL_DTOR - Success
-- Performing Test HAVE_C_WERROR_NON_VIRTUAL_DTOR
-- Performing Test HAVE_C_WERROR_NON_VIRTUAL_DTOR - Success
-- Performing Test HAVE_CXX_WERROR_ADDRESS
-- Performing Test HAVE_CXX_WERROR_ADDRESS - Success
-- Performing Test HAVE_C_WERROR_ADDRESS
-- Performing Test HAVE_C_WERROR_ADDRESS - Success
-- Performing Test HAVE_CXX_WERROR_SEQUENCE_POINT
-- Performing Test HAVE_CXX_WERROR_SEQUENCE_POINT - Success
-- Performing Test HAVE_C_WERROR_SEQUENCE_POINT
-- Performing Test HAVE_C_WERROR_SEQUENCE_POINT - Success
-- Performing Test HAVE_CXX_WFORMAT
-- Performing Test HAVE_CXX_WFORMAT - Success
-- Performing Test HAVE_C_WFORMAT
-- Performing Test HAVE_C_WFORMAT - Success
-- Performing Test HAVE_CXX_WERROR_FORMAT_SECURITY
-- Performing Test HAVE_CXX_WERROR_FORMAT_SECURITY - Success
-- Performing Test HAVE_C_WERROR_FORMAT_SECURITY
-- Performing Test HAVE_C_WERROR_FORMAT_SECURITY - Success
-- Performing Test HAVE_CXX_WMISSING_DECLARATIONS
-- Performing Test HAVE_CXX_WMISSING_DECLARATIONS - Success
-- Performing Test HAVE_C_WMISSING_DECLARATIONS
-- Performing Test HAVE_C_WMISSING_DECLARATIONS - Success
-- Performing Test HAVE_CXX_WMISSING_PROTOTYPES
-- Performing Test HAVE_CXX_WMISSING_PROTOTYPES - Failed
-- Performing Test HAVE_C_WMISSING_PROTOTYPES
-- Performing Test HAVE_C_WMISSING_PROTOTYPES - Success
-- Performing Test HAVE_CXX_WSTRICT_PROTOTYPES
-- Performing Test HAVE_CXX_WSTRICT_PROTOTYPES - Failed
-- Performing Test HAVE_C_WSTRICT_PROTOTYPES
-- Performing Test HAVE_C_WSTRICT_PROTOTYPES - Success
-- Performing Test HAVE_CXX_WUNDEF
-- Performing Test HAVE_CXX_WUNDEF - Success
-- Performing Test HAVE_C_WUNDEF
-- Performing Test HAVE_C_WUNDEF - Success
-- Performing Test HAVE_CXX_WINIT_SELF
-- Performing Test HAVE_CXX_WINIT_SELF - Success
-- Performing Test HAVE_C_WINIT_SELF
-- Performing Test HAVE_C_WINIT_SELF - Success
-- Performing Test HAVE_CXX_WPOINTER_ARITH
-- Performing Test HAVE_CXX_WPOINTER_ARITH - Success
-- Performing Test HAVE_C_WPOINTER_ARITH
-- Performing Test HAVE_C_WPOINTER_ARITH - Success
-- Performing Test HAVE_CXX_WSHADOW
-- Performing Test HAVE_CXX_WSHADOW - Success
-- Performing Test HAVE_C_WSHADOW
-- Performing Test HAVE_C_WSHADOW - Success
-- Performing Test HAVE_CXX_WSIGN_PROMO
-- Performing Test HAVE_CXX_WSIGN_PROMO - Success
-- Performing Test HAVE_C_WSIGN_PROMO
-- Performing Test HAVE_C_WSIGN_PROMO - Failed
-- Performing Test HAVE_CXX_WNO_NARROWING
-- Performing Test HAVE_CXX_WNO_NARROWING - Success
-- Performing Test HAVE_C_WNO_NARROWING
-- Performing Test HAVE_C_WNO_NARROWING - Success
-- Performing Test HAVE_CXX_WNO_DELETE_NON_VIRTUAL_DTOR
-- Performing Test HAVE_CXX_WNO_DELETE_NON_VIRTUAL_DTOR - Success
-- Performing Test HAVE_C_WNO_DELETE_NON_VIRTUAL_DTOR
-- Performing Test HAVE_C_WNO_DELETE_NON_VIRTUAL_DTOR - Failed
-- Performing Test HAVE_CXX_WNO_UNNAMED_TYPE_TEMPLATE_ARGS
-- Performing Test HAVE_CXX_WNO_UNNAMED_TYPE_TEMPLATE_ARGS - Failed
-- Performing Test HAVE_C_WNO_UNNAMED_TYPE_TEMPLATE_ARGS
-- Performing Test HAVE_C_WNO_UNNAMED_TYPE_TEMPLATE_ARGS - Failed
-- Performing Test HAVE_CXX_WNO_COMMENT
-- Performing Test HAVE_CXX_WNO_COMMENT - Success
-- Performing Test HAVE_C_WNO_COMMENT
-- Performing Test HAVE_C_WNO_COMMENT - Success
-- Performing Test HAVE_CXX_FDIAGNOSTICS_SHOW_OPTION
-- Performing Test HAVE_CXX_FDIAGNOSTICS_SHOW_OPTION - Success
-- Performing Test HAVE_C_FDIAGNOSTICS_SHOW_OPTION
-- Performing Test HAVE_C_FDIAGNOSTICS_SHOW_OPTION - Success
-- Performing Test HAVE_CXX_WNO_LONG_LONG
-- Performing Test HAVE_CXX_WNO_LONG_LONG - Success
-- Performing Test HAVE_C_WNO_LONG_LONG
-- Performing Test HAVE_C_WNO_LONG_LONG - Success
-- Performing Test HAVE_CXX_PTHREAD
-- Performing Test HAVE_CXX_PTHREAD - Success
-- Performing Test HAVE_C_PTHREAD
-- Performing Test HAVE_C_PTHREAD - Success
-- Performing Test HAVE_CXX_FOMIT_FRAME_POINTER
-- Performing Test HAVE_CXX_FOMIT_FRAME_POINTER - Success
-- Performing Test HAVE_C_FOMIT_FRAME_POINTER
-- Performing Test HAVE_C_FOMIT_FRAME_POINTER - Success
-- Performing Test HAVE_CXX_MSSE
-- Performing Test HAVE_CXX_MSSE - Success
-- Performing Test HAVE_C_MSSE
-- Performing Test HAVE_C_MSSE - Success
-- Performing Test HAVE_CXX_MSSE2
-- Performing Test HAVE_CXX_MSSE2 - Success
-- Performing Test HAVE_C_MSSE2
-- Performing Test HAVE_C_MSSE2 - Success
-- Performing Test HAVE_CXX_MNO_AVX
-- Performing Test HAVE_CXX_MNO_AVX - Success
-- Performing Test HAVE_C_MNO_AVX
-- Performing Test HAVE_C_MNO_AVX - Success
-- Performing Test HAVE_CXX_MSSE3
-- Performing Test HAVE_CXX_MSSE3 - Success
-- Performing Test HAVE_C_MSSE3
-- Performing Test HAVE_C_MSSE3 - Success
-- Performing Test HAVE_CXX_MNO_SSSE3
-- Performing Test HAVE_CXX_MNO_SSSE3 - Success
-- Performing Test HAVE_C_MNO_SSSE3
-- Performing Test HAVE_C_MNO_SSSE3 - Success
-- Performing Test HAVE_CXX_MNO_SSE4_1
-- Performing Test HAVE_CXX_MNO_SSE4_1 - Success
-- Performing Test HAVE_C_MNO_SSE4_1
-- Performing Test HAVE_C_MNO_SSE4_1 - Success
-- Performing Test HAVE_CXX_MNO_SSE4_2
-- Performing Test HAVE_CXX_MNO_SSE4_2 - Success
-- Performing Test HAVE_C_MNO_SSE4_2
-- Performing Test HAVE_C_MNO_SSE4_2 - Success
-- Performing Test HAVE_CXX_FFUNCTION_SECTIONS
-- Performing Test HAVE_CXX_FFUNCTION_SECTIONS - Success
-- Performing Test HAVE_C_FFUNCTION_SECTIONS
-- Performing Test HAVE_C_FFUNCTION_SECTIONS - Success
-- Performing Test HAVE_CXX_FVISIBILITY_HIDDEN
-- Performing Test HAVE_CXX_FVISIBILITY_HIDDEN - Success
-- Performing Test HAVE_C_FVISIBILITY_HIDDEN
-- Performing Test HAVE_C_FVISIBILITY_HIDDEN - Success
-- Performing Test HAVE_CXX_FVISIBILITY_INLINES_HIDDEN
-- Performing Test HAVE_CXX_FVISIBILITY_INLINES_HIDDEN - Success
-- Performing Test HAVE_C_FVISIBILITY_INLINES_HIDDEN
-- Performing Test HAVE_C_FVISIBILITY_INLINES_HIDDEN - Failed
-- FP16: Feature disabled
-- Looking for pthread.h
-- Looking for pthread.h - found
-- Check if the system is big endian
-- Searching 16 bit integer
-- Looking for sys/types.h
-- Looking for sys/types.h - found
-- Looking for stdint.h
-- Looking for stdint.h - found
-- Looking for stddef.h
-- Looking for stddef.h - found
-- Check size of unsigned short
-- Check size of unsigned short - done
-- Using unsigned short
-- Check if the system is big endian - little endian
-- Found ZLIB: /usr/lib/x86_64-linux-gnu/libz.so (found suitable version "1.2.8", minimum required is "1.2.3") 
-- Found TIFF: /usr/lib/x86_64-linux-gnu/libtiff.so (found version "4.0.6") 
-- Found JPEG: /usr/lib/x86_64-linux-gnu/libjpeg.so  
-- Performing Test HAVE_C_WNO_UNUSED_VARIABLE
-- Performing Test HAVE_C_WNO_UNUSED_VARIABLE - Success
-- Performing Test HAVE_C_WNO_UNUSED_FUNCTION
-- Performing Test HAVE_C_WNO_UNUSED_FUNCTION - Success
-- Performing Test HAVE_C_WNO_SHADOW
-- Performing Test HAVE_C_WNO_SHADOW - Success
-- Performing Test HAVE_C_WNO_MAYBE_UNINITIALIZED
-- Performing Test HAVE_C_WNO_MAYBE_UNINITIALIZED - Success
-- Found Jasper: /usr/lib/x86_64-linux-gnu/libjasper.so (found version "1.900.1") 
-- Found ZLIB: /usr/lib/x86_64-linux-gnu/libz.so (found version "1.2.8") 
-- Found PNG: /usr/lib/x86_64-linux-gnu/libpng.so (found version "1.2.54") 
-- Looking for /usr/include/libpng/png.h
-- Looking for /usr/include/libpng/png.h - found
-- Looking for semaphore.h
-- Looking for semaphore.h - found
-- Performing Test HAVE_CXX_WNO_SHADOW
-- Performing Test HAVE_CXX_WNO_SHADOW - Success
-- Performing Test HAVE_CXX_WNO_UNUSED
-- Performing Test HAVE_CXX_WNO_UNUSED - Success
-- Performing Test HAVE_CXX_WNO_SIGN_COMPARE
-- Performing Test HAVE_CXX_WNO_SIGN_COMPARE - Success
-- Performing Test HAVE_CXX_WNO_UNDEF
-- Performing Test HAVE_CXX_WNO_UNDEF - Success
-- Performing Test HAVE_CXX_WNO_MISSING_DECLARATIONS
-- Performing Test HAVE_CXX_WNO_MISSING_DECLARATIONS - Success
-- Performing Test HAVE_CXX_WNO_UNINITIALIZED
-- Performing Test HAVE_CXX_WNO_UNINITIALIZED - Success
-- Performing Test HAVE_CXX_WNO_SWITCH
-- Performing Test HAVE_CXX_WNO_SWITCH - Success
-- Performing Test HAVE_CXX_WNO_PARENTHESES
-- Performing Test HAVE_CXX_WNO_PARENTHESES - Success
-- Performing Test HAVE_CXX_WNO_ARRAY_BOUNDS
-- Performing Test HAVE_CXX_WNO_ARRAY_BOUNDS - Success
-- Performing Test HAVE_CXX_WNO_EXTRA
-- Performing Test HAVE_CXX_WNO_EXTRA - Success
-- Performing Test HAVE_CXX_WNO_DEPRECATED_DECLARATIONS
-- Performing Test HAVE_CXX_WNO_DEPRECATED_DECLARATIONS - Success
-- Performing Test HAVE_CXX_WNO_MISLEADING_INDENTATION
-- Performing Test HAVE_CXX_WNO_MISLEADING_INDENTATION - Failed
-- Checking for module 'gtk+-3.0'
--   No package 'gtk+-3.0' found
-- Checking for module 'gtk+-2.0'
--   Found gtk+-2.0, version 2.24.30
-- Checking for module 'gthread-2.0'
--   Found gthread-2.0, version 2.48.2
-- Checking for module 'gstreamer-base-1.0'
--   No package 'gstreamer-base-1.0' found
-- Checking for module 'gstreamer-video-1.0'
--   No package 'gstreamer-video-1.0' found
-- Checking for module 'gstreamer-app-1.0'
--   No package 'gstreamer-app-1.0' found
-- Checking for module 'gstreamer-riff-1.0'
--   No package 'gstreamer-riff-1.0' found
-- Checking for module 'gstreamer-pbutils-1.0'
--   No package 'gstreamer-pbutils-1.0' found
-- Checking for module 'gstreamer-base-0.10'
--   No package 'gstreamer-base-0.10' found
-- Checking for module 'gstreamer-video-0.10'
--   No package 'gstreamer-video-0.10' found
-- Checking for module 'gstreamer-app-0.10'
--   No package 'gstreamer-app-0.10' found
-- Checking for module 'gstreamer-riff-0.10'
--   No package 'gstreamer-riff-0.10' found
-- Checking for module 'gstreamer-pbutils-0.10'
--   No package 'gstreamer-pbutils-0.10' found
-- Checking for module 'libdc1394-2'
--   Found libdc1394-2, version 2.2.4
-- Looking for linux/videodev.h
-- Looking for linux/videodev.h - not found
-- Looking for linux/videodev2.h
-- Looking for linux/videodev2.h - found
-- Looking for sys/videoio.h
-- Looking for sys/videoio.h - not found
-- Checking for modules 'libavcodec;libavformat;libavutil;libswscale'
--   Found libavcodec, version 56.60.100
--   Found libavformat, version 56.40.101
--   Found libavutil, version 54.31.100
--   Found libswscale, version 3.1.101
-- Checking for module 'libavresample'
--   No package 'libavresample' found
-- Checking for module 'libgphoto2'
--   No package 'libgphoto2' found
-- ICV: Unpacking ippicv_linux_20151201.tgz to /home/intel/opencv-3.2.0/cmake-build-debug/3rdparty/ippicv...
-- ICV: Package successfully downloaded
-- found IPP (ICV version): 9.0.1 [9.0.1]
-- at: /home/intel/opencv-3.2.0/cmake-build-debug/3rdparty/ippicv/ippicv_lnx
-- CUDA detected: 8.0
-- CUDA NVCC target flags: -gencode;arch=compute_20,code=sm_20;-gencode;arch=compute_30,code=sm_30;-gencode;arch=compute_35,code=sm_35;-gencode;arch=compute_37,code=sm_37;-gencode;arch=compute_50,code=sm_50;-gencode;arch=compute_52,code=sm_52;-gencode;arch=compute_60,code=sm_60;-gencode;arch=compute_61,code=sm_61;-D_FORCE_INLINES
-- Check size of int
-- Check size of int - done
-- Found MKL 2017.0.3 at: /opt/intel/mkl
-- LAPACK_IMPL: MKL, LAPACK_LIBRARIES: /opt/intel/mkl/lib/intel64/libmkl_core.so;/opt/intel/mkl/lib/intel64/libmkl_intel_lp64.so;/opt/intel/mkl/lib/intel64/libmkl_sequential.so;/opt/intel/mkl/lib/intel64/libmkl_core.so;/opt/intel/mkl/lib/intel64/libmkl_intel_lp64.so;/opt/intel/mkl/lib/intel64/libmkl_sequential.so;/opt/intel/mkl/lib/intel64/libmkl_core.so;/opt/intel/mkl/lib/intel64/libmkl_intel_lp64.so;/opt/intel/mkl/lib/intel64/libmkl_sequential.so;-lpthread;-lm;-ldl
-- Could NOT find Doxygen (missing:  DOXYGEN_EXECUTABLE) 
-- Found PythonInterp: /usr/bin/python2.7 (found suitable version "2.7.12", minimum required is "2.7") 
-- Found PythonLibs: /usr/lib/x86_64-linux-gnu/libpython2.7.so (found suitable exact version "2.7.12") 
-- Found PythonInterp: /usr/bin/python3 (found suitable version "3.5.2", minimum required is "3.4") 
-- Could NOT find PythonLibs (missing:  PYTHON_LIBRARIES PYTHON_INCLUDE_DIRS) (Required is exact version "3.5.2")
Traceback (most recent call last):
  File "<string>", line 1, in <module>
ImportError: No module named 'numpy'
-- Found JNI: /usr/lib/jvm/default-java/jre/lib/amd64/libjawt.so  
-- Could NOT find Matlab (missing:  MATLAB_MEX_SCRIPT MATLAB_INCLUDE_DIRS MATLAB_ROOT_DIR MATLAB_LIBRARIES MATLAB_LIBRARY_DIRS MATLAB_MEXEXT MATLAB_ARCH MATLAB_BIN) 
-- VTK is not found. Please set -DVTK_DIR in CMake to VTK build directory, or to VTK install subdirectory with VTKConfig.cmake file
-- Performing Test HAVE_CXX_WNO_UNUSED_PARAMETER
-- Performing Test HAVE_CXX_WNO_UNUSED_PARAMETER - Success
-- Performing Test HAVE_CXX_WNO_UNUSED_FUNCTION
-- Performing Test HAVE_CXX_WNO_UNUSED_FUNCTION - Success
-- Performing Test HAVE_CXX_WNO_UNUSED_VARIABLE
-- Performing Test HAVE_CXX_WNO_UNUSED_VARIABLE - Success
-- Performing Test HAVE_CXX_WNO_ENUM_COMPARE
-- Performing Test HAVE_CXX_WNO_ENUM_COMPARE - Success
-- Performing Test HAVE_CXX_WNO_UNUSED_BUT_SET_VARIABLE
-- Performing Test HAVE_CXX_WNO_UNUSED_BUT_SET_VARIABLE - Success
-- Performing Test HAVE_CXX_WNO_OVERLOADED_VIRTUAL
-- Performing Test HAVE_CXX_WNO_OVERLOADED_VIRTUAL - Success
-- Performing Test HAVE_CXX_WNO_UNUSED_PRIVATE_FIELD
-- Performing Test HAVE_CXX_WNO_UNUSED_PRIVATE_FIELD - Failed
-- 
-- General configuration for OpenCV 3.2.0 =====================================
--   Version control:               unknown
-- 
--   Platform:
--     Timestamp:                   2017-07-26T23:23:38Z
--     Host:                        Linux 4.4.0-87-generic x86_64
--     CMake:                       3.8.2
--     CMake generator:             Unix Makefiles
--     CMake build tool:            /usr/bin/make
--     Configuration:               Debug
-- 
--   C/C++:
--     Built as dynamic libs?:      YES
--     C++ Compiler:                /usr/bin/c++  (ver 5.4.0)
--     C++ flags (Release):         -fsigned-char -W -Wall -Werror=return-type -Werror=non-virtual-dtor -Werror=address -Werror=sequence-point -Wformat -Werror=format-security -Wmissing-declarations -Wundef -Winit-self -Wpointer-arith -Wshadow -Wsign-promo -Wno-narrowing -Wno-delete-non-virtual-dtor -Wno-comment -fdiagnostics-show-option -Wno-long-long -pthread -fomit-frame-pointer -msse -msse2 -mno-avx -msse3 -mno-ssse3 -mno-sse4.1 -mno-sse4.2 -ffunction-sections -fvisibility=hidden -fvisibility-inlines-hidden -O3 -DNDEBUG  -DNDEBUG
--     C++ flags (Debug):           -fsigned-char -W -Wall -Werror=return-type -Werror=non-virtual-dtor -Werror=address -Werror=sequence-point -Wformat -Werror=format-security -Wmissing-declarations -Wundef -Winit-self -Wpointer-arith -Wshadow -Wsign-promo -Wno-narrowing -Wno-delete-non-virtual-dtor -Wno-comment -fdiagnostics-show-option -Wno-long-long -pthread -fomit-frame-pointer -msse -msse2 -mno-avx -msse3 -mno-ssse3 -mno-sse4.1 -mno-sse4.2 -ffunction-sections -fvisibility=hidden -fvisibility-inlines-hidden -g  -O0 -DDEBUG -D_DEBUG
--     C Compiler:                  /usr/bin/cc
--     C flags (Release):           -fsigned-char -W -Wall -Werror=return-type -Werror=non-virtual-dtor -Werror=address -Werror=sequence-point -Wformat -Werror=format-security -Wmissing-declarations -Wmissing-prototypes -Wstrict-prototypes -Wundef -Winit-self -Wpointer-arith -Wshadow -Wno-narrowing -Wno-comment -fdiagnostics-show-option -Wno-long-long -pthread -fomit-frame-pointer -msse -msse2 -mno-avx -msse3 -mno-ssse3 -mno-sse4.1 -mno-sse4.2 -ffunction-sections -fvisibility=hidden -O3 -DNDEBUG  -DNDEBUG
--     C flags (Debug):             -fsigned-char -W -Wall -Werror=return-type -Werror=non-virtual-dtor -Werror=address -Werror=sequence-point -Wformat -Werror=format-security -Wmissing-declarations -Wmissing-prototypes -Wstrict-prototypes -Wundef -Winit-self -Wpointer-arith -Wshadow -Wno-narrowing -Wno-comment -fdiagnostics-show-option -Wno-long-long -pthread -fomit-frame-pointer -msse -msse2 -mno-avx -msse3 -mno-ssse3 -mno-sse4.1 -mno-sse4.2 -ffunction-sections -fvisibility=hidden -g  -O0 -DDEBUG -D_DEBUG
--     Linker flags (Release):
--     Linker flags (Debug):
--     ccache:                      NO
--     Precompiled headers:         YES
--     Extra dependencies:          -L/home/intel/intelFPGA_pro/17.0/hld/board/a10_ref/linux64/lib -L/home/intel/intelFPGA_pro/17.0/hld/host/linux64/lib -Wl,--no-as-needed -lalteracl -laltera_a10_ref_mmd -lelf /usr/lib/x86_64-linux-gnu/libpng.so /usr/lib/x86_64-linux-gnu/libz.so /usr/lib/x86_64-linux-gnu/libtiff.so /usr/lib/x86_64-linux-gnu/libjasper.so /usr/lib/x86_64-linux-gnu/libjpeg.so gtk-x11-2.0 gdk-x11-2.0 pangocairo-1.0 atk-1.0 cairo gdk_pixbuf-2.0 gio-2.0 pangoft2-1.0 pango-1.0 gobject-2.0 glib-2.0 fontconfig freetype gthread-2.0 dc1394 avcodec-ffmpeg avformat-ffmpeg avutil-ffmpeg swscale-ffmpeg dl m pthread rt /opt/intel/mkl/lib/intel64/libmkl_core.so /opt/intel/mkl/lib/intel64/libmkl_intel_lp64.so /opt/intel/mkl/lib/intel64/libmkl_sequential.so -lpthread -lm -ldl cudart nppc nppi npps cufft -L/usr/local/cuda/lib64
--     3rdparty dependencies:       libwebp IlmImf
-- 
--   OpenCV modules:
--     To be built:                 cudev fpga core cudaarithm flann imgproc ml video cudabgsegm cudafilters cudaimgproc cudawarping imgcodecs photo shape videoio cudacodec highgui objdetect ts features2d calib3d cudafeatures2d cudalegacy cudaobjdetect cudaoptflow cudastereo stitching superres videostab python2
--     Disabled:                    world
--     Disabled by dependency:      -
--     Unavailable:                 java python3 viz
-- 
--   GUI: 
--     QT:                          NO
--     GTK+ 2.x:                    YES (ver 2.24.30)
--     GThread :                    YES (ver 2.48.2)
--     GtkGlExt:                    NO
--     OpenGL support:              NO
--     VTK support:                 NO
-- 
--   Media I/O: 
--     ZLib:                        /usr/lib/x86_64-linux-gnu/libz.so (ver 1.2.8)
--     JPEG:                        /usr/lib/x86_64-linux-gnu/libjpeg.so (ver )
--     WEBP:                        build (ver 0.3.1)
--     PNG:                         /usr/lib/x86_64-linux-gnu/libpng.so (ver 1.2.54)
--     TIFF:                        /usr/lib/x86_64-linux-gnu/libtiff.so (ver 42 - 4.0.6)
--     JPEG 2000:                   /usr/lib/x86_64-linux-gnu/libjasper.so (ver 1.900.1)
--     OpenEXR:                     build (ver 1.7.1)
--     GDAL:                        NO
--     GDCM:                        NO
-- 
--   Video I/O:
--     DC1394 1.x:                  NO
--     DC1394 2.x:                  YES (ver 2.2.4)
--     FFMPEG:                      YES
--       avcodec:                   YES (ver 56.60.100)
--       avformat:                  YES (ver 56.40.101)
--       avutil:                    YES (ver 54.31.100)
--       swscale:                   YES (ver 3.1.101)
--       avresample:                NO
--     GStreamer:                   NO
--     OpenNI:                      NO
--     OpenNI PrimeSensor Modules:  NO
--     OpenNI2:                     NO
--     PvAPI:                       NO
--     GigEVisionSDK:               NO
--     Aravis SDK:                  NO
--     UniCap:                      NO
--     UniCap ucil:                 NO
--     V4L/V4L2:                    NO/YES
--     XIMEA:                       NO
--     Xine:                        NO
--     gPhoto2:                     NO
-- 
--   Parallel framework:            pthreads
-- 
--   Other third-party libraries:
--     Use IPP:                     9.0.1 [9.0.1]
--          at:                     /home/intel/opencv-3.2.0/cmake-build-debug/3rdparty/ippicv/ippicv_lnx
--     Use IPP Async:               NO
--     Use VA:                      NO
--     Use Intel VA-API/OpenCL:     NO
--     Use Lapack:                  YES (/opt/intel/mkl/lib/intel64/libmkl_core.so /opt/intel/mkl/lib/intel64/libmkl_intel_lp64.so /opt/intel/mkl/lib/intel64/libmkl_sequential.so /opt/intel/mkl/lib/intel64/libmkl_core.so /opt/intel/mkl/lib/intel64/libmkl_intel_lp64.so /opt/intel/mkl/lib/intel64/libmkl_sequential.so /opt/intel/mkl/lib/intel64/libmkl_core.so /opt/intel/mkl/lib/intel64/libmkl_intel_lp64.so /opt/intel/mkl/lib/intel64/libmkl_sequential.so -lpthread -lm -ldl)
--     Use Eigen:                   YES (ver 3.2.92)
--     Use Cuda:                    YES (ver 8.0)
--     Use OpenCL:                  YES
--     Use OpenVX:                  NO
--     Use custom HAL:              NO
-- 
--   NVIDIA CUDA
--     Use CUFFT:                   YES
--     Use CUBLAS:                  NO
--     USE NVCUVID:                 NO
--     NVIDIA GPU arch:             20 30 35 37 50 52 60 61
--     NVIDIA PTX archs:
--     Use fast math:               NO
-- 
--   OpenCL:                        <Dynamic loading of OpenCL library>
--     Include path:                /home/intel/opencv-3.2.0/3rdparty/include/opencl/1.2
--     Use AMDFFT:                  NO
--     Use AMDBLAS:                 NO
-- 
--   Python 2:
--     Interpreter:                 /usr/bin/python2.7 (ver 2.7.12)
--     Libraries:                   /usr/lib/x86_64-linux-gnu/libpython2.7.so (ver 2.7.12)
--     numpy:                       /usr/lib/python2.7/dist-packages/numpy/core/include (ver 1.11.0)
--     packages path:               lib/python2.7/dist-packages
-- 
--   Python 3:
--     Interpreter:                 /usr/bin/python3 (ver 3.5.2)
-- 
--   Python (for build):            /usr/bin/python2.7
-- 
--   Java:
--     ant:                         NO
--     JNI:                         /usr/lib/jvm/java-8-openjdk-amd64/include /usr/lib/jvm/java-8-openjdk-amd64/include/linux /usr/lib/jvm/java-8-openjdk-amd64/include
--     Java wrappers:               NO
--     Java tests:                  NO
-- 
--   Matlab:                        Matlab not found or implicitly disabled
-- 
--   Documentation:
--     Doxygen:                     NO
-- 
--   Tests and samples:
--     Tests:                       YES
--     Performance tests:           YES
--     C/C++ Examples:              NO
-- 
--   Install path:                  /usr/local
-- 
--   cvconfig.h is in:              /home/intel/opencv-3.2.0/cmake-build-debug
-- -----------------------------------------------------------------
-- 
-- Configuring done
-- Generating done
-- Build files have been written to: /home/intel/opencv-3.2.0/cmake-build-debug

Problems were encountered while collecting compiler information:
	cc1plus: fatal error: /home/intel/opencv-3.2.0/cmake-build-debug/modules/calib3d/precomp.hpp: No such file or directory
	cc1plus: fatal error: /home/intel/opencv-3.2.0/cmake-build-debug/modules/calib3d/perf_precomp.hpp: No such file or directory
	cc1plus: fatal error: /home/intel/opencv-3.2.0/cmake-build-debug/modules/calib3d/test_precomp.hpp: No such file or directory
	cc1plus: fatal error: /home/intel/opencv-3.2.0/cmake-build-debug/modules/core/precomp.hpp: No such file or directory
	cc1plus: fatal error: /home/intel/opencv-3.2.0/cmake-build-debug/modules/core/perf_precomp.hpp: No such file or directory
	cc1plus: fatal error: /home/intel/opencv-3.2.0/cmake-build-debug/modules/core/test_precomp.hpp: No such file or directory
	cc1plus: fatal error: /home/intel/opencv-3.2.0/cmake-build-debug/modules/cudaarithm/precomp.hpp: No such file or directory
	cc1plus: fatal error: /home/intel/opencv-3.2.0/cmake-build-debug/modules/cudaarithm/perf_precomp.hpp: No such file or directory
	cc1plus: fatal error: /home/intel/opencv-3.2.0/cmake-build-debug/modules/cudaarithm/test_precomp.hpp: No such file or directory
	cc1plus: fatal error: /home/intel/opencv-3.2.0/cmake-build-debug/modules/cudabgsegm/precomp.hpp: No such file or directory
	cc1plus: fatal error: /home/intel/opencv-3.2.0/cmake-build-debug/modules/cudabgsegm/perf_precomp.hpp: No such file or directory
	cc1plus: fatal error: /home/intel/opencv-3.2.0/cmake-build-debug/modules/cudabgsegm/test_precomp.hpp: No such file or directory
	cc1plus: fatal error: /home/intel/opencv-3.2.0/cmake-build-debug/modules/cudacodec/precomp.hpp: No such file or directory
	cc1plus: fatal error: /home/intel/opencv-3.2.0/cmake-build-debug/modules/cudacodec/perf_precomp.hpp: No such file or directory
	cc1plus: fatal error: /home/intel/opencv-3.2.0/cmake-build-debug/modules/cudacodec/test_precomp.hpp: No such file or directory
	cc1plus: fatal error: /home/intel/opencv-3.2.0/cmake-build-debug/modules/cudafeatures2d/precomp.hpp: No such file or directory
	cc1plus: fatal error: /home/intel/opencv-3.2.0/cmake-build-debug/modules/cudafeatures2d/perf_precomp.hpp: No such file or directory
	cc1plus: fatal error: /home/intel/opencv-3.2.0/cmake-build-debug/modules/cudafeatures2d/test_precomp.hpp: No such file or directory
	cc1plus: fatal error: /home/intel/opencv-3.2.0/cmake-build-debug/modules/cudafilters/precomp.hpp: No such file or directory
	cc1plus: fatal error: /home/intel/opencv-3.2.0/cmake-build-debug/modules/cudafilters/perf_precomp.hpp: No such file or directory
	cc1plus: fatal error: /home/intel/opencv-3.2.0/cmake-build-debug/modules/cudafilters/test_precomp.hpp: No such file or directory
	cc1plus: fatal error: /home/intel/opencv-3.2.0/cmake-build-debug/modules/cudaimgproc/precomp.hpp: No such file or directory
	cc1plus: fatal error: /home/intel/opencv-3.2.0/cmake-build-debug/modules/cudaimgproc/perf_precomp.hpp: No such file or directory
	cc1plus: fatal error: /home/intel/opencv-3.2.0/cmake-build-debug/modules/cudaimgproc/test_precomp.hpp: No such file or directory
	cc1plus: fatal error: /home/intel/opencv-3.2.0/cmake-build-debug/modules/cudalegacy/precomp.hpp: No such file or directory
	cc1plus: fatal error: /home/intel/opencv-3.2.0/cmake-build-debug/modules/cudalegacy/perf_precomp.hpp: No such file or directory
	cc1plus: fatal error: /home/intel/opencv-3.2.0/cmake-build-debug/modules/cudalegacy/test_precomp.hpp: No such file or directory
	cc1plus: fatal error: /home/intel/opencv-3.2.0/cmake-build-debug/modules/cudaobjdetect/precomp.hpp: No such file or directory
	cc1plus: fatal error: /home/intel/opencv-3.2.0/cmake-build-debug/modules/cudaobjdetect/perf_precomp.hpp: No such file or directory
	cc1plus: fatal error: /home/intel/opencv-3.2.0/cmake-build-debug/modules/cudaobjdetect/test_precomp.hpp: No such file or directory
	cc1plus: fatal error: /home/intel/opencv-3.2.0/cmake-build-debug/modules/cudaoptflow/precomp.hpp: No such file or directory
	cc1plus: fatal error: /home/intel/opencv-3.2.0/cmake-build-debug/modules/cudaoptflow/perf_precomp.hpp: No such file or directory
	cc1plus: fatal error: /home/intel/opencv-3.2.0/cmake-build-debug/modules/cudaoptflow/test_precomp.hpp: No such file or directory
	cc1plus: fatal error: /home/intel/opencv-3.2.0/cmake-build-debug/modules/cudastereo/precomp.hpp: No such file or directory
	cc1plus: fatal error: /home/intel/opencv-3.2.0/cmake-build-debug/modules/cudastereo/perf_precomp.hpp: No such file or directory
	cc1plus: fatal error: /home/intel/opencv-3.2.0/cmake-build-debug/modules/cudastereo/test_precomp.hpp: No such file or directory
	cc1plus: fatal error: /home/intel/opencv-3.2.0/cmake-build-debug/modules/cudawarping/precomp.hpp: No such file or directory
	cc1plus: fatal error: /home/intel/opencv-3.2.0/cmake-build-debug/modules/cudawarping/perf_precomp.hpp: No such file or directory
	cc1plus: fatal error: /home/intel/opencv-3.2.0/cmake-build-debug/modules/cudawarping/test_precomp.hpp: No such file or directory
	cc1plus: fatal error: /home/intel/opencv-3.2.0/cmake-build-debug/modules/features2d/precomp.hpp: No such file or directory
	cc1plus: fatal error: /home/intel/opencv-3.2.0/cmake-build-debug/modules/features2d/perf_precomp.hpp: No such file or directory
	cc1plus: fatal error: /home/intel/opencv-3.2.0/cmake-build-debug/modules/features2d/test_precomp.hpp: No such file or directory
	cc1plus: fatal error: /home/intel/opencv-3.2.0/cmake-build-debug/modules/flann/precomp.hpp: No such file or directory
	cc1plus: fatal error: /home/intel/opencv-3.2.0/cmake-build-debug/modules/flann/test_precomp.hpp: No such file or directory
	cc1plus: fatal error: /home/intel/opencv-3.2.0/cmake-build-debug/modules/fpga/precomp.hpp: No such file or directory
	cc1plus: fatal error: /home/intel/opencv-3.2.0/cmake-build-debug/modules/highgui/precomp.hpp: No such file or directory
	cc1plus: fatal error: /home/intel/opencv-3.2.0/cmake-build-debug/modules/highgui/test_precomp.hpp: No such file or directory
	cc1plus: fatal error: /home/intel/opencv-3.2.0/cmake-build-debug/modules/imgcodecs/precomp.hpp: No such file or directory
	cc1plus: fatal error: /home/intel/opencv-3.2.0/cmake-build-debug/modules/imgcodecs/perf_precomp.hpp: No such file or directory
	cc1plus: fatal error: /home/intel/opencv-3.2.0/cmake-build-debug/modules/imgcodecs/test_precomp.hpp: No such file or directory
	cc1plus: fatal error: /home/intel/opencv-3.2.0/cmake-build-debug/modules/imgproc/precomp.hpp: No such file or directory
	cc1plus: fatal error: /home/intel/opencv-3.2.0/cmake-build-debug/modules/imgproc/perf_precomp.hpp: No such file or directory
	cc1plus: fatal error: /home/intel/opencv-3.2.0/cmake-build-debug/modules/imgproc/test_precomp.hpp: No such file or directory
	cc1plus: fatal error: /home/intel/opencv-3.2.0/cmake-build-debug/modules/ml/precomp.hpp: No such file or directory
	cc1plus: fatal error: /home/intel/opencv-3.2.0/cmake-build-debug/modules/ml/test_precomp.hpp: No such file or directory
	cc1plus: fatal error: /home/intel/opencv-3.2.0/cmake-build-debug/modules/objdetect/precomp.hpp: No such file or directory
	cc1plus: fatal error: /home/intel/opencv-3.2.0/cmake-build-debug/modules/objdetect/perf_precomp.hpp: No such file or directory
	cc1plus: fatal error: /home/intel/opencv-3.2.0/cmake-build-debug/modules/objdetect/test_precomp.hpp: No such file or directory
	cc1plus: fatal error: /home/intel/opencv-3.2.0/cmake-build-debug/modules/photo/perf_precomp.hpp: No such file or directory
	cc1plus: fatal error: /home/intel/opencv-3.2.0/cmake-build-debug/modules/photo/precomp.hpp: No such file or directory
	cc1plus: fatal error: /home/intel/opencv-3.2.0/cmake-build-debug/modules/photo/test_precomp.hpp: No such file or directory
	cc1plus: fatal error: /home/intel/opencv-3.2.0/cmake-build-debug/modules/shape/precomp.hpp: No such file or directory
	cc1plus: fatal error: /home/intel/opencv-3.2.0/cmake-build-debug/modules/shape/test_precomp.hpp: No such file or directory
	cc1plus: fatal error: /home/intel/opencv-3.2.0/cmake-build-debug/modules/stitching/perf_precomp.hpp: No such file or directory
	cc1plus: fatal error: /home/intel/opencv-3.2.0/cmake-build-debug/modules/stitching/precomp.hpp: No such file or directory
	cc1plus: fatal error: /home/intel/opencv-3.2.0/cmake-build-debug/modules/stitching/test_precomp.hpp: No such file or directory
	cc1plus: fatal error: /home/intel/opencv-3.2.0/cmake-build-debug/modules/superres/perf_precomp.hpp: No such file or directory
	cc1plus: fatal error: /home/intel/opencv-3.2.0/cmake-build-debug/modules/superres/precomp.hpp: No such file or directory
	cc1plus: fatal error: /home/intel/opencv-3.2.0/cmake-build-debug/modules/superres/test_precomp.hpp: No such file or directory
	cc1plus: fatal error: /home/intel/opencv-3.2.0/cmake-build-debug/modules/ts/precomp.hpp: No such file or directory
	cc1plus: fatal error: /home/intel/opencv-3.2.0/cmake-build-debug/modules/video/perf_precomp.hpp: No such file or directory
	cc1plus: fatal error: /home/intel/opencv-3.2.0/cmake-build-debug/modules/video/test_precomp.hpp: No such file or directory
	cc1plus: fatal error: /home/intel/opencv-3.2.0/cmake-build-debug/modules/video/precomp.hpp: No such file or directory
	cc1plus: fatal error: /home/intel/opencv-3.2.0/cmake-build-debug/modules/videoio/perf_precomp.hpp: No such file or directory
	cc1plus: fatal error: /home/intel/opencv-3.2.0/cmake-build-debug/modules/videoio/test_precomp.hpp: No such file or directory
	cc1plus: fatal error: /home/intel/opencv-3.2.0/cmake-build-debug/modules/videoio/precomp.hpp: No such file or directory
	cc1plus: fatal error: /home/intel/opencv-3.2.0/cmake-build-debug/modules/videostab/precomp.hpp: No such file or directory
